<?xml version="1.0" encoding="UTF-8"?>
<!-- Generated by org.testng.reporters.JUnitReportReporter -->
<testsuite skipped="0" hostname="PCIN481980" name="employeeDataTest.GetAllEmployeeDetails" tests="1" failures="0" timestamp="2020-09-16T14:32:11 IST" time="1.035" errors="0">
  <testcase name="getAllEmployeeDataTest" time="1.035" classname="employeeDataTest.GetAllEmployeeDetails"/>
  <system-out/>
</testsuite> <!-- employeeDataTest.GetAllEmployeeDetails -->
