<?xml version="1.0" encoding="UTF-8"?>
<!-- Generated by org.testng.reporters.JUnitReportReporter -->
<testsuite skipped="0" hostname="PCIN481980" name="employeeDataTest.UpdateEmployeeDataTest" tests="1" failures="0" timestamp="2020-09-15T15:29:36 IST" time="2.291" errors="0">
  <testcase name="putEmployeeDatatest" time="2.291" classname="employeeDataTest.UpdateEmployeeDataTest"/>
  <system-out/>
</testsuite> <!-- employeeDataTest.UpdateEmployeeDataTest -->
