<?xml version="1.0" encoding="UTF-8"?>
<!-- Generated by org.testng.reporters.JUnitReportReporter -->
<testsuite skipped="0" hostname="PCIN481980" name="employeeDataTest.GetEmployeeDataTest" tests="1" failures="0" timestamp="2020-09-15T12:17:14 IST" time="0.884" errors="0">
  <testcase name="getEmployeeDataTest" time="0.884" classname="employeeDataTest.GetEmployeeDataTest"/>
  <system-out/>
</testsuite> <!-- employeeDataTest.GetEmployeeDataTest -->
